# JRE version: Java(TM) SE Runtime Environment (8.0_171-b11) (build 1.8.0_171-b11)
# Java VM: Java HotSpot(TM) 64-Bit Server VM (25.171-b11 mixed mode windows-amd64 compressed oops)
Heap:
 PSYoungGen      total 304128K, used 126060K [0x00000000d5f80000, 0x00000000e9b80000, 0x0000000100000000)
  eden space 287232K, 39% used [0x00000000d5f80000,0x00000000dcdbdf60,0x00000000e7800000)
  from space 16896K, 77% used [0x00000000e8980000,0x00000000e965d338,0x00000000e9a00000)
  to   space 17920K, 0% used [0x00000000e7800000,0x00000000e7800000,0x00000000e8980000)
 ParOldGen       total 133632K, used 28687K [0x0000000081e00000, 0x000000008a080000, 0x00000000d5f80000)
  object space 133632K, 21% used [0x0000000081e00000,0x0000000083a03f68,0x000000008a080000)
 Metaspace       used 63313K, capacity 65842K, committed 65920K, reserved 1107968K
  class space    used 7625K, capacity 8057K, committed 8064K, reserved 1048576K
GC Heap History (10 events):
Event: 10.063 GC heap before
{Heap before GC invocations=13 (full 2):
 PSYoungGen      total 196608K, used 187392K [0x00000000d5f80000, 0x00000000e2d80000, 0x0000000100000000)
  eden space 187392K, 100% used [0x00000000d5f80000,0x00000000e1680000,0x00000000e1680000)
  from space 9216K, 0% used [0x00000000e2280000,0x00000000e2280000,0x00000000e2b80000)
  to   space 11776K, 0% used [0x00000000e1680000,0x00000000e1680000,0x00000000e2200000)
 ParOldGen       total 94208K, used 17707K [0x0000000081e00000, 0x0000000087a00000, 0x00000000d5f80000)
  object space 94208K, 18% used [0x0000000081e00000,0x0000000082f4afb8,0x0000000087a00000)
 Metaspace       used 47603K, capacity 49736K, committed 49792K, reserved 1093632K
  class space    used 6118K, capacity 6516K, committed 6528K, reserved 1048576K
Event: 10.076 GC heap after
Heap after GC invocations=13 (full 2):
 PSYoungGen      total 199168K, used 11757K [0x00000000d5f80000, 0x00000000e6700000, 0x0000000100000000)
  eden space 187392K, 0% used [0x00000000d5f80000,0x00000000d5f80000,0x00000000e1680000)
  from space 11776K, 99% used [0x00000000e1680000,0x00000000e21fb450,0x00000000e2200000)
  to   space 14848K, 0% used [0x00000000e5880000,0x00000000e5880000,0x00000000e6700000)
 ParOldGen       total 94208K, used 22711K [0x0000000081e00000, 0x0000000087a00000, 0x00000000d5f80000)
  object space 94208K, 24% used [0x0000000081e00000,0x000000008342df78,0x0000000087a00000)
 Metaspace       used 47603K, capacity 49736K, committed 49792K, reserved 1093632K
  class space    used 6118K, capacity 6516K, committed 6528K, reserved 1048576K
}
Event: 11.787 GC heap before
{Heap before GC invocations=14 (full 2):
 PSYoungGen      total 199168K, used 197893K [0x00000000d5f80000, 0x00000000e6700000, 0x0000000100000000)
  eden space 187392K, 99% used [0x00000000d5f80000,0x00000000e1546230,0x00000000e1680000)
  from space 11776K, 99% used [0x00000000e1680000,0x00000000e21fb450,0x00000000e2200000)
  to   space 14848K, 0% used [0x00000000e5880000,0x00000000e5880000,0x00000000e6700000)
 ParOldGen       total 94208K, used 22711K [0x0000000081e00000, 0x0000000087a00000, 0x00000000d5f80000)
  object space 94208K, 24% used [0x0000000081e00000,0x000000008342df78,0x0000000087a00000)
 Metaspace       used 56567K, capacity 58772K, committed 59008K, reserved 1101824K
  class space    used 7040K, capacity 7426K, committed 7552K, reserved 1048576K
Event: 11.801 GC heap after
Heap after GC invocations=14 (full 2):
 PSYoungGen      total 252416K, used 14816K [0x00000000d5f80000, 0x00000000e6a00000, 0x0000000100000000)
  eden space 237568K, 0% used [0x00000000d5f80000,0x00000000d5f80000,0x00000000e4780000)
  from space 14848K, 99% used [0x00000000e5880000,0x00000000e66f8260,0x00000000e6700000)
  to   space 17408K, 0% used [0x00000000e4780000,0x00000000e4780000,0x00000000e5880000)
 ParOldGen       total 94208K, used 24614K [0x0000000081e00000, 0x0000000087a00000, 0x00000000d5f80000)
  object space 94208K, 26% used [0x0000000081e00000,0x00000000836099f8,0x0000000087a00000)
 Metaspace       used 56567K, capacity 58772K, committed 59008K, reserved 1101824K
  class space    used 7040K, capacity 7426K, committed 7552K, reserved 1048576K
}
Event: 11.801 GC heap before
{Heap before GC invocations=15 (full 3):
 PSYoungGen      total 252416K, used 14816K [0x00000000d5f80000, 0x00000000e6a00000, 0x0000000100000000)
  eden space 237568K, 0% used [0x00000000d5f80000,0x00000000d5f80000,0x00000000e4780000)
  from space 14848K, 99% used [0x00000000e5880000,0x00000000e66f8260,0x00000000e6700000)
  to   space 17408K, 0% used [0x00000000e4780000,0x00000000e4780000,0x00000000e5880000)
 ParOldGen       total 94208K, used 24614K [0x0000000081e00000, 0x0000000087a00000, 0x00000000d5f80000)
  object space 94208K, 26% used [0x0000000081e00000,0x00000000836099f8,0x0000000087a00000)
 Metaspace       used 56567K, capacity 58772K, committed 59008K, reserved 1101824K
  class space    used 7040K, capacity 7426K, committed 7552K, reserved 1048576K
Event: 11.913 GC heap after
Heap after GC invocations=15 (full 3):
 PSYoungGen      total 252416K, used 0K [0x00000000d5f80000, 0x00000000e6a00000, 0x0000000100000000)
  eden space 237568K, 0% used [0x00000000d5f80000,0x00000000d5f80000,0x00000000e4780000)
  from space 14848K, 0% used [0x00000000e5880000,0x00000000e5880000,0x00000000e6700000)
  to   space 17408K, 0% used [0x00000000e4780000,0x00000000e4780000,0x00000000e5880000)
 ParOldGen       total 133632K, used 28671K [0x0000000081e00000, 0x000000008a080000, 0x00000000d5f80000)
  object space 133632K, 21% used [0x0000000081e00000,0x00000000839fff68,0x000000008a080000)
 Metaspace       used 56567K, capacity 58772K, committed 59008K, reserved 1101824K
  class space    used 7040K, capacity 7426K, committed 7552K, reserved 1048576K
}
Event: 12.783 GC heap before
{Heap before GC invocations=16 (full 3):
 PSYoungGen      total 252416K, used 237568K [0x00000000d5f80000, 0x00000000e6a00000, 0x0000000100000000)
  eden space 237568K, 100% used [0x00000000d5f80000,0x00000000e4780000,0x00000000e4780000)
  from space 14848K, 0% used [0x00000000e5880000,0x00000000e5880000,0x00000000e6700000)
  to   space 17408K, 0% used [0x00000000e4780000,0x00000000e4780000,0x00000000e5880000)
 ParOldGen       total 133632K, used 28671K [0x0000000081e00000, 0x000000008a080000, 0x00000000d5f80000)
  object space 133632K, 21% used [0x0000000081e00000,0x00000000839fff68,0x000000008a080000)
 Metaspace       used 57654K, capacity 59866K, committed 60032K, reserved 1101824K
  class space    used 7101K, capacity 7491K, committed 7552K, reserved 1048576K
Event: 12.788 GC heap after
Heap after GC invocations=16 (full 3):
 PSYoungGen      total 254976K, used 6272K [0x00000000d5f80000, 0x00000000e9a00000, 0x0000000100000000)
  eden space 237568K, 0% used [0x00000000d5f80000,0x00000000d5f80000,0x00000000e4780000)
  from space 17408K, 36% used [0x00000000e4780000,0x00000000e4da0000,0x00000000e5880000)
  to   space 16896K, 0% used [0x00000000e8980000,0x00000000e8980000,0x00000000e9a00000)
 ParOldGen       total 133632K, used 28679K [0x0000000081e00000, 0x000000008a080000, 0x00000000d5f80000)
  object space 133632K, 21% used [0x0000000081e00000,0x0000000083a01f68,0x000000008a080000)
 Metaspace       used 57654K, capacity 59866K, committed 60032K, reserved 1101824K
  class space    used 7101K, capacity 7491K, committed 7552K, reserved 1048576K
}
Event: 13.989 GC heap before
{Heap before GC invocations=17 (full 3):
 PSYoungGen      total 254976K, used 243840K [0x00000000d5f80000, 0x00000000e9a00000, 0x0000000100000000)
  eden space 237568K, 100% used [0x00000000d5f80000,0x00000000e4780000,0x00000000e4780000)
  from space 17408K, 36% used [0x00000000e4780000,0x00000000e4da0000,0x00000000e5880000)
  to   space 16896K, 0% used [0x00000000e8980000,0x00000000e8980000,0x00000000e9a00000)
 ParOldGen       total 133632K, used 28679K [0x0000000081e00000, 0x000000008a080000, 0x00000000d5f80000)
  object space 133632K, 21% used [0x0000000081e00000,0x0000000083a01f68,0x000000008a080000)
 Metaspace       used 60767K, capacity 63114K, committed 63232K, reserved 1103872K
  class space    used 7412K, capacity 7827K, committed 7936K, reserved 1048576K
Event: 14.000 GC heap after
Heap after GC invocations=17 (full 3):
 PSYoungGen      total 304128K, used 13172K [0x00000000d5f80000, 0x00000000e9b80000, 0x0000000100000000)
  eden space 287232K, 0% used [0x00000000d5f80000,0x00000000d5f80000,0x00000000e7800000)
  from space 16896K, 77% used [0x00000000e8980000,0x00000000e965d338,0x00000000e9a00000)
  to   space 17920K, 0% used [0x00000000e7800000,0x00000000e7800000,0x00000000e8980000)
 ParOldGen       total 133632K, used 28687K [0x0000000081e00000, 0x000000008a080000, 0x00000000d5f80000)
  object space 133632K, 21% used [0x0000000081e00000,0x0000000083a03f68,0x000000008a080000)
 Metaspace       used 60767K, capacity 63114K, committed 63232K, reserved 1103872K
  class space    used 7412K, capacity 7827K, committed 7936K, reserved 1048576K
}

