# JRE version: Java(TM) SE Runtime Environment (8.0_171-b11) (build 1.8.0_171-b11)
# Java VM: Java HotSpot(TM) 64-Bit Server VM (25.171-b11 mixed mode windows-amd64 compressed oops)
Heap:
 PSYoungGen      total 365568K, used 72256K [0x00000000d5f80000, 0x00000000ed300000, 0x0000000100000000)
  eden space 356352K, 17% used [0x00000000d5f80000,0x00000000d9d18010,0x00000000ebb80000)
  from space 9216K, 99% used [0x00000000eca00000,0x00000000ed2f8050,0x00000000ed300000)
  to   space 10752K, 0% used [0x00000000ebe00000,0x00000000ebe00000,0x00000000ec880000)
 ParOldGen       total 92672K, used 48760K [0x0000000081e00000, 0x0000000087880000, 0x00000000d5f80000)
  object space 92672K, 52% used [0x0000000081e00000,0x0000000084d9e380,0x0000000087880000)
 Metaspace       used 68677K, capacity 71736K, committed 72064K, reserved 1112064K
  class space    used 8450K, capacity 8972K, committed 9088K, reserved 1048576K
GC Heap History (10 events):
Event: 8.106 GC heap before
{Heap before GC invocations=13 (full 2):
 PSYoungGen      total 365568K, used 356352K [0x00000000d5f80000, 0x00000000ed300000, 0x0000000100000000)
  eden space 356352K, 100% used [0x00000000d5f80000,0x00000000ebb80000,0x00000000ebb80000)
  from space 9216K, 0% used [0x00000000eca00000,0x00000000eca00000,0x00000000ed300000)
  to   space 10752K, 0% used [0x00000000ebe00000,0x00000000ebe00000,0x00000000ec880000)
 ParOldGen       total 68096K, used 18215K [0x0000000081e00000, 0x0000000086080000, 0x00000000d5f80000)
  object space 68096K, 26% used [0x0000000081e00000,0x0000000082fc9d08,0x0000000086080000)
 Metaspace       used 56314K, capacity 58508K, committed 58752K, reserved 1099776K
  class space    used 7033K, capacity 7426K, committed 7552K, reserved 1048576K
Event: 8.130 GC heap after
Heap after GC invocations=13 (full 2):
 PSYoungGen      total 367104K, used 10722K [0x00000000d5f80000, 0x00000000ed300000, 0x0000000100000000)
  eden space 356352K, 0% used [0x00000000d5f80000,0x00000000d5f80000,0x00000000ebb80000)
  from space 10752K, 99% used [0x00000000ebe00000,0x00000000ec878908,0x00000000ec880000)
  to   space 9216K, 0% used [0x00000000eca00000,0x00000000eca00000,0x00000000ed300000)
 ParOldGen       total 68096K, used 33440K [0x0000000081e00000, 0x0000000086080000, 0x00000000d5f80000)
  object space 68096K, 49% used [0x0000000081e00000,0x0000000083ea80a0,0x0000000086080000)
 Metaspace       used 56314K, capacity 58508K, committed 58752K, reserved 1099776K
  class space    used 7033K, capacity 7426K, committed 7552K, reserved 1048576K
}
Event: 8.284 GC heap before
{Heap before GC invocations=14 (full 2):
 PSYoungGen      total 367104K, used 64188K [0x00000000d5f80000, 0x00000000ed300000, 0x0000000100000000)
  eden space 356352K, 15% used [0x00000000d5f80000,0x00000000d93b67f8,0x00000000ebb80000)
  from space 10752K, 99% used [0x00000000ebe00000,0x00000000ec878908,0x00000000ec880000)
  to   space 9216K, 0% used [0x00000000eca00000,0x00000000eca00000,0x00000000ed300000)
 ParOldGen       total 68096K, used 33440K [0x0000000081e00000, 0x0000000086080000, 0x00000000d5f80000)
  object space 68096K, 49% used [0x0000000081e00000,0x0000000083ea80a0,0x0000000086080000)
 Metaspace       used 56666K, capacity 58846K, committed 59008K, reserved 1101824K
  class space    used 7043K, capacity 7427K, committed 7552K, reserved 1048576K
Event: 8.295 GC heap after
Heap after GC invocations=14 (full 2):
 PSYoungGen      total 365568K, used 1440K [0x00000000d5f80000, 0x00000000ed300000, 0x0000000100000000)
  eden space 356352K, 0% used [0x00000000d5f80000,0x00000000d5f80000,0x00000000ebb80000)
  from space 9216K, 15% used [0x00000000eca00000,0x00000000ecb68000,0x00000000ed300000)
  to   space 10752K, 0% used [0x00000000ebe00000,0x00000000ebe00000,0x00000000ec880000)
 ParOldGen       total 68096K, used 43972K [0x0000000081e00000, 0x0000000086080000, 0x00000000d5f80000)
  object space 68096K, 64% used [0x0000000081e00000,0x00000000848f1220,0x0000000086080000)
 Metaspace       used 56666K, capacity 58846K, committed 59008K, reserved 1101824K
  class space    used 7043K, capacity 7427K, committed 7552K, reserved 1048576K
}
Event: 8.295 GC heap before
{Heap before GC invocations=15 (full 3):
 PSYoungGen      total 365568K, used 1440K [0x00000000d5f80000, 0x00000000ed300000, 0x0000000100000000)
  eden space 356352K, 0% used [0x00000000d5f80000,0x00000000d5f80000,0x00000000ebb80000)
  from space 9216K, 15% used [0x00000000eca00000,0x00000000ecb68000,0x00000000ed300000)
  to   space 10752K, 0% used [0x00000000ebe00000,0x00000000ebe00000,0x00000000ec880000)
 ParOldGen       total 68096K, used 43972K [0x0000000081e00000, 0x0000000086080000, 0x00000000d5f80000)
  object space 68096K, 64% used [0x0000000081e00000,0x00000000848f1220,0x0000000086080000)
 Metaspace       used 56666K, capacity 58846K, committed 59008K, reserved 1101824K
  class space    used 7043K, capacity 7427K, committed 7552K, reserved 1048576K
Event: 8.493 GC heap after
Heap after GC invocations=15 (full 3):
 PSYoungGen      total 365568K, used 0K [0x00000000d5f80000, 0x00000000ed300000, 0x0000000100000000)
  eden space 356352K, 0% used [0x00000000d5f80000,0x00000000d5f80000,0x00000000ebb80000)
  from space 9216K, 0% used [0x00000000eca00000,0x00000000eca00000,0x00000000ed300000)
  to   space 10752K, 0% used [0x00000000ebe00000,0x00000000ebe00000,0x00000000ec880000)
 ParOldGen       total 92672K, used 25765K [0x0000000081e00000, 0x0000000087880000, 0x00000000d5f80000)
  object space 92672K, 27% used [0x0000000081e00000,0x0000000083729680,0x0000000087880000)
 Metaspace       used 56666K, capacity 58846K, committed 59008K, reserved 1101824K
  class space    used 7043K, capacity 7427K, committed 7552K, reserved 1048576K
}
Event: 9.294 GC heap before
{Heap before GC invocations=16 (full 3):
 PSYoungGen      total 365568K, used 356352K [0x00000000d5f80000, 0x00000000ed300000, 0x0000000100000000)
  eden space 356352K, 100% used [0x00000000d5f80000,0x00000000ebb80000,0x00000000ebb80000)
  from space 9216K, 0% used [0x00000000eca00000,0x00000000eca00000,0x00000000ed300000)
  to   space 10752K, 0% used [0x00000000ebe00000,0x00000000ebe00000,0x00000000ec880000)
 ParOldGen       total 92672K, used 25765K [0x0000000081e00000, 0x0000000087880000, 0x00000000d5f80000)
  object space 92672K, 27% used [0x0000000081e00000,0x0000000083729680,0x0000000087880000)
 Metaspace       used 57983K, capacity 60222K, committed 60288K, reserved 1101824K
  class space    used 7126K, capacity 7523K, committed 7552K, reserved 1048576K
Event: 9.300 GC heap after
Heap after GC invocations=16 (full 3):
 PSYoungGen      total 367104K, used 8832K [0x00000000d5f80000, 0x00000000ed300000, 0x0000000100000000)
  eden space 356352K, 0% used [0x00000000d5f80000,0x00000000d5f80000,0x00000000ebb80000)
  from space 10752K, 82% used [0x00000000ebe00000,0x00000000ec6a0000,0x00000000ec880000)
  to   space 9216K, 0% used [0x00000000eca00000,0x00000000eca00000,0x00000000ed300000)
 ParOldGen       total 92672K, used 25773K [0x0000000081e00000, 0x0000000087880000, 0x00000000d5f80000)
  object space 92672K, 27% used [0x0000000081e00000,0x000000008372b680,0x0000000087880000)
 Metaspace       used 57983K, capacity 60222K, committed 60288K, reserved 1101824K
  class space    used 7126K, capacity 7523K, committed 7552K, reserved 1048576K
}
Event: 12.498 GC heap before
{Heap before GC invocations=17 (full 3):
 PSYoungGen      total 367104K, used 365184K [0x00000000d5f80000, 0x00000000ed300000, 0x0000000100000000)
  eden space 356352K, 100% used [0x00000000d5f80000,0x00000000ebb80000,0x00000000ebb80000)
  from space 10752K, 82% used [0x00000000ebe00000,0x00000000ec6a0000,0x00000000ec880000)
  to   space 9216K, 0% used [0x00000000eca00000,0x00000000eca00000,0x00000000ed300000)
 ParOldGen       total 92672K, used 25773K [0x0000000081e00000, 0x0000000087880000, 0x00000000d5f80000)
  object space 92672K, 27% used [0x0000000081e00000,0x000000008372b680,0x0000000087880000)
 Metaspace       used 67007K, capacity 69886K, committed 70144K, reserved 1110016K
  class space    used 8186K, capacity 8673K, committed 8704K, reserved 1048576K
Event: 12.517 GC heap after
Heap after GC invocations=17 (full 3):
 PSYoungGen      total 365568K, used 9184K [0x00000000d5f80000, 0x00000000ed300000, 0x0000000100000000)
  eden space 356352K, 0% used [0x00000000d5f80000,0x00000000d5f80000,0x00000000ebb80000)
  from space 9216K, 99% used [0x00000000eca00000,0x00000000ed2f8050,0x00000000ed300000)
  to   space 10752K, 0% used [0x00000000ebe00000,0x00000000ebe00000,0x00000000ec880000)
 ParOldGen       total 92672K, used 48760K [0x0000000081e00000, 0x0000000087880000, 0x00000000d5f80000)
  object space 92672K, 52% used [0x0000000081e00000,0x0000000084d9e380,0x0000000087880000)
 Metaspace       used 67007K, capacity 69886K, committed 70144K, reserved 1110016K
  class space    used 8186K, capacity 8673K, committed 8704K, reserved 1048576K
}

